<?xml version="1.0" encoding="UTF-8"?>
<!-- Generated by org.testng.reporters.JUnitXMLReporter -->
<testsuite hostname="WTC-937135-L2" ignored="0" name="Test-class test 1" tests="14" failures="6" timestamp="14 Jul 2018 23:38:45 GMT" time="70.459" errors="0">
  <testcase name="crudOperationFireFox" time="9.657" classname="computer.executionDriver">
    <failure type="java.lang.AssertionError" message="expected [true] but found [false]">
      <![CDATA[java.lang.AssertionError: expected [true] but found [false]
at computer.commonValidation.fieldValidation(commonValidation.java:55)
at computer.commonValidation.guiValidation(commonValidation.java:27)
at computer.performOperation.computerEditPage(performOperation.java:70)
at computer.executionDriver.crudOperationFireFox(executionDriver.java:92)
at java.util.concurrent.ThreadPoolExecutor.runWorker(Unknown Source)
at java.util.concurrent.ThreadPoolExecutor$Worker.run(Unknown Source)
at java.lang.Thread.run(Unknown Source)
... Removed 14 stack frames]]>
    </failure>
  </testcase> <!-- crudOperationFireFox -->
  <testcase name="crudOperationChrome" time="9.963" classname="computer.executionDriver">
    <failure type="java.lang.AssertionError" message="expected [true] but found [false]">
      <![CDATA[java.lang.AssertionError: expected [true] but found [false]
at computer.commonValidation.fieldValidation(commonValidation.java:55)
at computer.commonValidation.guiValidation(commonValidation.java:27)
at computer.performOperation.computerEditPage(performOperation.java:70)
at computer.executionDriver.crudOperationChrome(executionDriver.java:55)
at java.util.concurrent.ThreadPoolExecutor.runWorker(Unknown Source)
at java.util.concurrent.ThreadPoolExecutor$Worker.run(Unknown Source)
at java.lang.Thread.run(Unknown Source)
... Removed 14 stack frames]]>
    </failure>
  </testcase> <!-- crudOperationChrome -->
  <testcase name="crudOperationFireFox" time="10.387" classname="computer.executionDriver"/>
  <testcase name="crudOperationChrome" time="11.282" classname="computer.executionDriver"/>
  <testcase name="crudOperationChrome" time="8.11" classname="computer.executionDriver"/>
  <testcase name="crudOperationFireFox" time="12.802" classname="computer.executionDriver"/>
  <testcase name="crudOperationChrome" time="9.3" classname="computer.executionDriver">
    <failure type="java.lang.AssertionError" message="expected [true] but found [false]">
      <![CDATA[java.lang.AssertionError: expected [true] but found [false]
at computer.commonValidation.fieldValidation(commonValidation.java:48)
at computer.commonValidation.guiValidation(commonValidation.java:30)
at computer.performOperation.computerSearchPage(performOperation.java:22)
at computer.executionDriver.crudOperationChrome(executionDriver.java:52)
at java.util.concurrent.ThreadPoolExecutor.runWorker(Unknown Source)
at java.util.concurrent.ThreadPoolExecutor$Worker.run(Unknown Source)
at java.lang.Thread.run(Unknown Source)
... Removed 14 stack frames]]>
    </failure>
  </testcase> <!-- crudOperationChrome -->
  <testcase name="crudOperationFireFox" time="7.656" classname="computer.executionDriver">
    <failure type="java.lang.AssertionError" message="expected [true] but found [false]">
      <![CDATA[java.lang.AssertionError: expected [true] but found [false]
at computer.commonValidation.fieldValidation(commonValidation.java:48)
at computer.commonValidation.guiValidation(commonValidation.java:30)
at computer.performOperation.computerSearchPage(performOperation.java:22)
at computer.executionDriver.crudOperationFireFox(executionDriver.java:89)
at java.util.concurrent.ThreadPoolExecutor.runWorker(Unknown Source)
at java.util.concurrent.ThreadPoolExecutor$Worker.run(Unknown Source)
at java.lang.Thread.run(Unknown Source)
... Removed 14 stack frames]]>
    </failure>
  </testcase> <!-- crudOperationFireFox -->
  <testcase name="crudOperationChrome" time="12.248" classname="computer.executionDriver"/>
  <testcase name="crudOperationFireFox" time="11.161" classname="computer.executionDriver"/>
  <testcase name="crudOperationChrome" time="7.609" classname="computer.executionDriver">
    <failure type="java.lang.AssertionError" message="expected [true] but found [false]">
      <![CDATA[java.lang.AssertionError: expected [true] but found [false]
at computer.commonValidation.fieldValidation(commonValidation.java:48)
at computer.commonValidation.guiValidation(commonValidation.java:30)
at computer.performOperation.computerSearchPage(performOperation.java:22)
at computer.executionDriver.crudOperationChrome(executionDriver.java:52)
at java.util.concurrent.ThreadPoolExecutor.runWorker(Unknown Source)
at java.util.concurrent.ThreadPoolExecutor$Worker.run(Unknown Source)
at java.lang.Thread.run(Unknown Source)
... Removed 14 stack frames]]>
    </failure>
  </testcase> <!-- crudOperationChrome -->
  <testcase name="crudOperationFireFox" time="8.618" classname="computer.executionDriver">
    <failure type="java.lang.AssertionError" message="expected [true] but found [false]">
      <![CDATA[java.lang.AssertionError: expected [true] but found [false]
at computer.commonValidation.fieldValidation(commonValidation.java:48)
at computer.commonValidation.guiValidation(commonValidation.java:30)
at computer.performOperation.computerSearchPage(performOperation.java:22)
at computer.executionDriver.crudOperationFireFox(executionDriver.java:89)
at java.util.concurrent.ThreadPoolExecutor.runWorker(Unknown Source)
at java.util.concurrent.ThreadPoolExecutor$Worker.run(Unknown Source)
at java.lang.Thread.run(Unknown Source)
... Removed 14 stack frames]]>
    </failure>
  </testcase> <!-- crudOperationFireFox -->
  <testcase name="crudOperationChrome" time="10.95" classname="computer.executionDriver"/>
  <testcase name="crudOperationFireFox" time="10.102" classname="computer.executionDriver"/>
</testsuite> <!-- Test-class test 1 -->
