<?xml version="1.0" encoding="UTF-8"?>
<!-- Generated by org.testng.reporters.JUnitXMLReporter -->
<testsuite hostname="WTC-937135-L2" ignored="0" name="Test-class test 3" tests="1" failures="1" timestamp="14 Jul 2018 19:08:04 GMT" time="0.008" errors="0">
  <testcase name="crudOperation" time="0.003" classname="computer.executionDriver">
    <failure type="org.testng.internal.reflect.MethodMatcherException" message="
Data provider mismatch
Method: crudOperation([Parameter{index=0, type=java.lang.String, declaredAnnotations=[]}, Parameter{index=1, type=java.lang.String, declaredAnnotations=[]}, Parameter{index=2, type=java.lang.String, declaredAnnotations=[]}, Parameter{index=3, type=java.lang.String, declaredAnnotations=[]}, Parameter{index=4, type=java.lang.String, declaredAnnotations=[]}, Parameter{index=5, type=java.lang.String, declaredAnnotations=[]}, Parameter{index=6, type=java.lang.String, declaredAnnotations=[]}, Parameter{index=7, type=java.lang.String, declaredAnnotations=[]}, Parameter{index=8, type=java.lang.String, declaredAnnotations=[]}, Parameter{index=9, type=java.lang.String, declaredAnnotations=[]}, Parameter{index=10, type=java.lang.String, declaredAnnotations=[]}, Parameter{index=11, type=java.lang.String, declaredAnnotations=[]}, Parameter{index=12, type=java.lang.String, declaredAnnotations=[]}, Parameter{index=13, type=java.lang.String, declaredAnnotations=[]}])
Arguments: [(java.lang.String) TC1,(java.lang.String) R_URL,COMPUTERSEARCH,COMPUTERDETAIL,(java.lang.String) Aaki,(java.lang.String) ADDCOMPUTER,(java.lang.String) Test Computer 1,(java.lang.String) 2018-07-01,(java.lang.String) 2018-07-05,(java.lang.String) RCA,(java.lang.String) SAVE,(java.lang.String) POST_COMPUTER_EDIT_PAGE_ACTION,(java.lang.String) ISEXIST,(java.lang.String) lbl_ConfirmationMsg,(java.lang.String) ]">
      <![CDATA[org.testng.internal.reflect.MethodMatcherException: 
Data provider mismatch
Method: crudOperation([Parameter{index=0, type=java.lang.String, declaredAnnotations=[]}, Parameter{index=1, type=java.lang.String, declaredAnnotations=[]}, Parameter{index=2, type=java.lang.String, declaredAnnotations=[]}, Parameter{index=3, type=java.lang.String, declaredAnnotations=[]}, Parameter{index=4, type=java.lang.String, declaredAnnotations=[]}, Parameter{index=5, type=java.lang.String, declaredAnnotations=[]}, Parameter{index=6, type=java.lang.String, declaredAnnotations=[]}, Parameter{index=7, type=java.lang.String, declaredAnnotations=[]}, Parameter{index=8, type=java.lang.String, declaredAnnotations=[]}, Parameter{index=9, type=java.lang.String, declaredAnnotations=[]}, Parameter{index=10, type=java.lang.String, declaredAnnotations=[]}, Parameter{index=11, type=java.lang.String, declaredAnnotations=[]}, Parameter{index=12, type=java.lang.String, declaredAnnotations=[]}, Parameter{index=13, type=java.lang.String, declaredAnnotations=[]}])
Arguments: [(java.lang.String) TC1,(java.lang.String) R_URL,COMPUTERSEARCH,COMPUTERDETAIL,(java.lang.String) Aaki,(java.lang.String) ADDCOMPUTER,(java.lang.String) Test Computer 1,(java.lang.String) 2018-07-01,(java.lang.String) 2018-07-05,(java.lang.String) RCA,(java.lang.String) SAVE,(java.lang.String) POST_COMPUTER_EDIT_PAGE_ACTION,(java.lang.String) ISEXIST,(java.lang.String) lbl_ConfirmationMsg,(java.lang.String) ]
at java.util.concurrent.FutureTask.run(Unknown Source)
at java.util.concurrent.ThreadPoolExecutor.runWorker(Unknown Source)
at java.util.concurrent.ThreadPoolExecutor$Worker.run(Unknown Source)
at java.lang.Thread.run(Unknown Source)
... Removed 11 stack frames]]>
    </failure>
  </testcase> <!-- crudOperation -->
</testsuite> <!-- Test-class test 3 -->
